2024-02-10 20:21:58,393{GMT}	INFO	[jepsen test runner] jepsen.core: Test version 2d3b490b2c78969cc9914007bb41d21db1e33fc8 (plus uncommitted changes)
2024-02-10 20:21:58,393{GMT}	INFO	[jepsen test runner] jepsen.core: Command line:
lein run test -w unique-ids --bin /go/bin/maelstrom-unique-ids --time-limit 30 --rate 1000 --node-count 3 --availability total --nemesis partition
2024-02-10 20:21:58,510{GMT}	INFO	[jepsen test runner] jepsen.core: Running test:
{:args []
 :remote
 #jepsen.control.retry.Remote{:remote #jepsen.control.scp.Remote{:cmd-remote #jepsen.control.sshj.SSHJRemote{:concurrency-limit 6,
                                                                                                             :conn-spec nil,
                                                                                                             :client nil,
                                                                                                             :semaphore nil},
                                                                 :conn-spec nil},
                              :conn nil}
 :log-net-send false
 :node-count 3
 :availability :total
 :max-txn-length 4
 :concurrency 3
 :db
 #object[maelstrom.db$db$reify__16142
         "0x71bb6009"
         "maelstrom.db$db$reify__16142@71bb6009"]
 :max-writes-per-key 16
 :leave-db-running? false
 :name "unique-ids"
 :logging-json? false
 :start-time
 #object[org.joda.time.DateTime "0x232bfb3c" "2024-02-10T20:21:58.346Z"]
 :nemesis-interval 10
 :net
 #object[maelstrom.net$jepsen_net$reify__15251
         "0x69cb296c"
         "maelstrom.net$jepsen_net$reify__15251@69cb296c"]
 :client
 #object[maelstrom.workload.unique_ids$client$reify__20074
         "0x3014c46f"
         "maelstrom.workload.unique_ids$client$reify__20074@3014c46f"]
 :barrier
 #object[java.util.concurrent.CyclicBarrier
         "0x6abd88fe"
         "java.util.concurrent.CyclicBarrier@6abd88fe"]
 :log-stderr false
 :pure-generators true
 :ssh {:dummy? true}
 :rate 1000.0
 :checker
 #object[jepsen.checker$compose$reify__11881
         "0x16337c8e"
         "jepsen.checker$compose$reify__11881@16337c8e"]
 :argv
 ("test"
  "-w"
  "unique-ids"
  "--bin"
  "/go/bin/maelstrom-unique-ids"
  "--time-limit"
  "30"
  "--rate"
  "1000"
  "--node-count"
  "3"
  "--availability"
  "total"
  "--nemesis"
  "partition")
 :nemesis
 (jepsen.nemesis.ReflCompose
  {:fm {:start-partition 0,
        :stop-partition 0,
        :kill 1,
        :start 1,
        :pause 1,
        :resume 1},
   :nemeses [#unprintable "jepsen.nemesis.combined$partition_nemesis$reify__16416@2603a76d"
             #unprintable "jepsen.nemesis.combined$db_nemesis$reify__16397@3022287e"]})
 :nodes ["n0" "n1" "n2"]
 :test-count 1
 :latency {:mean 0, :dist :constant}
 :bin "/go/bin/maelstrom-unique-ids"
 :generator
 (jepsen.generator.TimeLimit
  {:limit 30000000000,
   :cutoff nil,
   :gen (jepsen.generator.Any
         {:gens [(jepsen.generator.OnThreads
                  {:f #{:nemesis},
                   :context-filter #object[jepsen.generator.context$make_thread_filter$lazy_filter__9167
                                           "0x6ba3eee9"
                                           "jepsen.generator.context$make_thread_filter$lazy_filter__9167@6ba3eee9"],
                   :gen (jepsen.generator.Stagger
                         {:dt 20000000000,
                          :next-time nil,
                          :gen (jepsen.generator.FlipFlop
                                {:gens [#object[jepsen.nemesis.combined$partition_package$start__16420
                                                "0x1d628a88"
                                                "jepsen.nemesis.combined$partition_package$start__16420@1d628a88"]
                                        ({:type :info,
                                          :f :stop-partition,
                                          :value nil}
                                         {:type :info,
                                          :f :stop-partition,
                                          :value nil}
                                         {:type :info,
                                          :f :stop-partition,
                                          :value nil}
                                         {:type :info,
                                          :f :stop-partition,
                                          :value nil}
                                         {:type :info,
                                          :f :stop-partition,
                                          :value nil}
                                         {:type :info,
                                          :f :stop-partition,
                                          :value nil}
                                         {:type :info,
                                          :f :stop-partition,
                                          :value nil}
                                         {:type :info,
                                          :f :stop-partition,
                                          :value nil}
                                         ...)],
                                 :i 0})})})
                 (jepsen.generator.OnThreads
                  {:f #jepsen.generator.context.AllBut{:element :nemesis},
                   :context-filter #object[jepsen.generator.context$make_thread_filter$lazy_filter__9167
                                           "0x4b48be5c"
                                           "jepsen.generator.context$make_thread_filter$lazy_filter__9167@4b48be5c"],
                   :gen (jepsen.generator.Stagger
                         {:dt 2000000,
                          :next-time nil,
                          :gen (jepsen.generator.Repeat
                                {:remaining -1, :gen {:f :generate}})})})]})})
 :log-net-recv false
 :os
 #object[maelstrom.net$jepsen_os$reify__15254
         "0x3fe8d57a"
         "maelstrom.net$jepsen_os$reify__15254@3fe8d57a"]
 :time-limit 30
 :workload :unique-ids
 :consistency-models [:strict-serializable]
 :topology :grid}

2024-02-10 20:22:00,799{GMT}	INFO	[jepsen node n0] maelstrom.net: Starting Maelstrom network
2024-02-10 20:22:00,801{GMT}	INFO	[jepsen test runner] jepsen.db: Tearing down DB
2024-02-10 20:22:00,803{GMT}	INFO	[jepsen test runner] jepsen.db: Setting up DB
2024-02-10 20:22:00,803{GMT}	INFO	[jepsen node n1] maelstrom.db: Setting up n1
2024-02-10 20:22:00,804{GMT}	INFO	[jepsen node n1] maelstrom.process: launching /go/bin/maelstrom-unique-ids []
2024-02-10 20:22:00,809{GMT}	INFO	[jepsen node n0] maelstrom.service: Starting services: (lin-kv lin-tso lww-kv seq-kv)
2024-02-10 20:22:00,812{GMT}	INFO	[jepsen node n2] maelstrom.db: Setting up n2
2024-02-10 20:22:00,812{GMT}	INFO	[jepsen node n2] maelstrom.process: launching /go/bin/maelstrom-unique-ids []
2024-02-10 20:22:00,817{GMT}	INFO	[jepsen node n0] maelstrom.db: Setting up n0
2024-02-10 20:22:00,817{GMT}	INFO	[jepsen node n0] maelstrom.process: launching /go/bin/maelstrom-unique-ids []
2024-02-10 20:22:00,865{GMT}	WARN	[n1 stdout] maelstrom.process: Error!
clojure.lang.ExceptionInfo: Malformed network message. Node n1 tried to send the following message via STDOUT:

{:node_ids ["n0" "n1" "n2"], :body {}}

This is malformed because:

{:src missing-required-key,
 :dest missing-required-key,
 :node_ids disallowed-key}

See doc/protocol.md for more guidance.
	at slingshot.support$stack_trace.invoke(support.clj:201)
	at maelstrom.process$parse_msg.invokeStatic(process.clj:57)
	at maelstrom.process$parse_msg.invoke(process.clj:35)
	at maelstrom.process$stdout_thread$fn__15878$fn__15879$fn__15881.invoke(process.clj:146)
	at maelstrom.process$stdout_thread$fn__15878$fn__15879.invoke(process.clj:146)
	at maelstrom.process$stdout_thread$fn__15878.invoke(process.clj:140)
	at clojure.core$binding_conveyor_fn$fn__5823.invoke(core.clj:2047)
	at clojure.lang.AFn.call(AFn.java:18)
	at java.base/java.util.concurrent.FutureTask.run(FutureTask.java:317)
	at java.base/java.util.concurrent.ThreadPoolExecutor.runWorker(ThreadPoolExecutor.java:1144)
	at java.base/java.util.concurrent.ThreadPoolExecutor$Worker.run(ThreadPoolExecutor.java:642)
	at java.base/java.lang.Thread.run(Thread.java:1583)
2024-02-10 20:22:00,866{GMT}	WARN	[n0 stdout] maelstrom.process: Error!
clojure.lang.ExceptionInfo: Malformed network message. Node n0 tried to send the following message via STDOUT:

{:node_ids ["n0" "n1" "n2"], :body {}}

This is malformed because:

{:src missing-required-key,
 :dest missing-required-key,
 :node_ids disallowed-key}

See doc/protocol.md for more guidance.
	at slingshot.support$stack_trace.invoke(support.clj:201)
	at maelstrom.process$parse_msg.invokeStatic(process.clj:57)
	at maelstrom.process$parse_msg.invoke(process.clj:35)
	at maelstrom.process$stdout_thread$fn__15878$fn__15879$fn__15881.invoke(process.clj:146)
	at maelstrom.process$stdout_thread$fn__15878$fn__15879.invoke(process.clj:146)
	at maelstrom.process$stdout_thread$fn__15878.invoke(process.clj:140)
	at clojure.core$binding_conveyor_fn$fn__5823.invoke(core.clj:2047)
	at clojure.lang.AFn.call(AFn.java:18)
	at java.base/java.util.concurrent.FutureTask.run(FutureTask.java:317)
	at java.base/java.util.concurrent.ThreadPoolExecutor.runWorker(ThreadPoolExecutor.java:1144)
	at java.base/java.util.concurrent.ThreadPoolExecutor$Worker.run(ThreadPoolExecutor.java:642)
	at java.base/java.lang.Thread.run(Thread.java:1583)
2024-02-10 20:22:00,883{GMT}	WARN	[n2 stdout] maelstrom.process: Error!
clojure.lang.ExceptionInfo: Malformed network message. Node n2 tried to send the following message via STDOUT:

{:node_ids ["n0" "n1" "n2"], :body {}}

This is malformed because:

{:src missing-required-key,
 :dest missing-required-key,
 :node_ids disallowed-key}

See doc/protocol.md for more guidance.
	at slingshot.support$stack_trace.invoke(support.clj:201)
	at maelstrom.process$parse_msg.invokeStatic(process.clj:57)
	at maelstrom.process$parse_msg.invoke(process.clj:35)
	at maelstrom.process$stdout_thread$fn__15878$fn__15879$fn__15881.invoke(process.clj:146)
	at maelstrom.process$stdout_thread$fn__15878$fn__15879.invoke(process.clj:146)
	at maelstrom.process$stdout_thread$fn__15878.invoke(process.clj:140)
	at clojure.core$binding_conveyor_fn$fn__5823.invoke(core.clj:2047)
	at clojure.lang.AFn.call(AFn.java:18)
	at java.base/java.util.concurrent.FutureTask.run(FutureTask.java:317)
	at java.base/java.util.concurrent.ThreadPoolExecutor.runWorker(ThreadPoolExecutor.java:1144)
	at java.base/java.util.concurrent.ThreadPoolExecutor$Worker.run(ThreadPoolExecutor.java:642)
	at java.base/java.lang.Thread.run(Thread.java:1583)
2024-02-10 20:22:06,644{GMT}	INFO	[Jepsen shutdown hook] jepsen.core: Downloading DB logs before JVM shutdown...
